
**** Build of configuration Debug for project TimerA ****

"D:\\Embedded\\ccsv7\\utils\\bin\\gmake" -k -j 4 all -O 
'Building file: ../main.c'
'Invoking: MSP430 Compiler'
"D:/Embedded/ccsv7/tools/compiler/ti-cgt-msp430_16.9.3.LTS/bin/cl430" -vmspx --data_model=restricted --use_hw_mpy=F5 --include_path="D:/Embedded/ccsv7/ccs_base/msp430/include" --include_path="D:/Embedded/Labs/lab-3-interrupts-and-timers-Veronicaw1013/TIMER A Blink/MSP430FR5994/TimerA" --include_path="D:/Embedded/ccsv7/tools/compiler/ti-cgt-msp430_16.9.3.LTS/include" --advice:power=all --advice:hw_config=all --define=__MSP430FR5994__ --define=_MPU_ENABLE -g --printf_support=minimal --diag_warning=225 --diag_wrap=off --display_error_number --silicon_errata=CPU21 --silicon_errata=CPU22 --silicon_errata=CPU40 --preproc_with_compile --preproc_dependency="main.d"  "../main.c"
"../main.c", line 6: remark #1530-D: (ULP 5.1) Detected divide operation(s). Recommend moving them to RAM during run time or not using as these are processing/power intensive
"../main.c", line 5: remark #1535-D: (ULP 8.1) variable "frequency" is used as a constant. Recommend declaring variable as either 'static const' or 'const'
"../main.c", line 6 (col. 31): remark #1531-D: (ULP 5.2) Detected floating point operation(s). Recommend moving them to RAM during run time or not using as these are processing/power intensive
"../main.c", line 11 (col. 13): remark #1531-D: (ULP 5.2) Detected floating point operation(s). Recommend moving them to RAM during run time or not using as these are processing/power intensive
'Finished building: ../main.c'
' '
'Building target: TimerA.out'
'Invoking: MSP430 Linker'
"D:/Embedded/ccsv7/tools/compiler/ti-cgt-msp430_16.9.3.LTS/bin/cl430" -vmspx --data_model=restricted --use_hw_mpy=F5 --advice:power=all --advice:hw_config=all --define=__MSP430FR5994__ --define=_MPU_ENABLE -g --printf_support=minimal --diag_warning=225 --diag_wrap=off --display_error_number --silicon_errata=CPU21 --silicon_errata=CPU22 --silicon_errata=CPU40 -z -m"TimerA.map" --heap_size=160 --stack_size=160 --cinit_hold_wdt=on -i"D:/Embedded/ccsv7/ccs_base/msp430/include" -i"D:/Embedded/ccsv7/ccs_base/msp430/lib/5xx_6xx_FRxx" -i"D:/Embedded/ccsv7/ccs_base/msp430/lib/FR59xx" -i"D:/Embedded/ccsv7/tools/compiler/ti-cgt-msp430_16.9.3.LTS/lib" -i"D:/Embedded/ccsv7/tools/compiler/ti-cgt-msp430_16.9.3.LTS/include" --priority --reread_libs --diag_wrap=off --display_error_number --warn_sections --xml_link_info="TimerA_linkInfo.xml" --use_hw_mpy=F5 --rom_model -o "TimerA.out" "./main.obj" "../lnk_msp430fr5994.cmd"  -llibmpu_init.a -llibmath.a -llibc.a 
<Linking>
warning #10420-D: For FRAM devices, at start up, the GPIO power-on default high-impedance mode needs to be disabled to activate previously configured port settings. This can be done by clearing the LOCKLPM5 bit in PM5CTL0 register.
remark #10372-D: (ULP 4.1) Detected uninitialized Port 2 in this project. Recommend initializing all unused ports to eliminate wasted current consumption on unused pins.
remark #10372-D: (ULP 4.1) Detected uninitialized Port 3 in this project. Recommend initializing all unused ports to eliminate wasted current consumption on unused pins.
remark #10372-D: (ULP 4.1) Detected uninitialized Port 4 in this project. Recommend initializing all unused ports to eliminate wasted current consumption on unused pins.
remark #10372-D: (ULP 4.1) Detected uninitialized Port 5 in this project. Recommend initializing all unused ports to eliminate wasted current consumption on unused pins.
remark #10372-D: (ULP 4.1) Detected uninitialized Port 6 in this project. Recommend initializing all unused ports to eliminate wasted current consumption on unused pins.
remark #10372-D: (ULP 4.1) Detected uninitialized Port 7 in this project. Recommend initializing all unused ports to eliminate wasted current consumption on unused pins.
remark #10372-D: (ULP 4.1) Detected uninitialized Port 8 in this project. Recommend initializing all unused ports to eliminate wasted current consumption on unused pins.
remark #10372-D: (ULP 4.1) Detected uninitialized Port A in this project. Recommend initializing all unused ports to eliminate wasted current consumption on unused pins.
remark #10372-D: (ULP 4.1) Detected uninitialized Port B in this project. Recommend initializing all unused ports to eliminate wasted current consumption on unused pins.
remark #10372-D: (ULP 4.1) Detected uninitialized Port C in this project. Recommend initializing all unused ports to eliminate wasted current consumption on unused pins.
remark #10372-D: (ULP 4.1) Detected uninitialized Port D in this project. Recommend initializing all unused ports to eliminate wasted current consumption on unused pins.
remark #10436-D: (ULP 6.3) Detected use of a device with a Low Energy Accelerator (LEA) but application does not appear to use LEA. Recommend offloading vector math and signal processing to LEA for improved performance.
'Finished building target: TimerA.out'
' '

**** Build Finished ****

**** Build of configuration Debug for project TimerA ****

"D:\\Embedded\\ccsv7\\utils\\bin\\gmake" -k -j 4 all -O 
'Building file: ../main.c'
'Invoking: MSP430 Compiler'
"D:/Embedded/ccsv7/tools/compiler/ti-cgt-msp430_16.9.3.LTS/bin/cl430" -vmspx --data_model=restricted --use_hw_mpy=F5 --include_path="D:/Embedded/ccsv7/ccs_base/msp430/include" --include_path="D:/Embedded/Labs/lab-3-interrupts-and-timers-Veronicaw1013/TIMER A Blink/MSP430FR5994/TimerA" --include_path="D:/Embedded/ccsv7/tools/compiler/ti-cgt-msp430_16.9.3.LTS/include" --advice:power=all --advice:hw_config=all --define=__MSP430FR5994__ --define=_MPU_ENABLE -g --printf_support=minimal --diag_warning=225 --diag_wrap=off --display_error_number --silicon_errata=CPU21 --silicon_errata=CPU22 --silicon_errata=CPU40 --preproc_with_compile --preproc_dependency="main.d"  "../main.c"
"../main.c", line 6: remark #1530-D: (ULP 5.1) Detected divide operation(s). Recommend moving them to RAM during run time or not using as these are processing/power intensive
"../main.c", line 5: remark #1535-D: (ULP 8.1) variable "frequency" is used as a constant. Recommend declaring variable as either 'static const' or 'const'
"../main.c", line 6 (col. 31): remark #1531-D: (ULP 5.2) Detected floating point operation(s). Recommend moving them to RAM during run time or not using as these are processing/power intensive
"../main.c", line 12 (col. 13): remark #1531-D: (ULP 5.2) Detected floating point operation(s). Recommend moving them to RAM during run time or not using as these are processing/power intensive
'Finished building: ../main.c'
' '
'Building target: TimerA.out'
'Invoking: MSP430 Linker'
"D:/Embedded/ccsv7/tools/compiler/ti-cgt-msp430_16.9.3.LTS/bin/cl430" -vmspx --data_model=restricted --use_hw_mpy=F5 --advice:power=all --advice:hw_config=all --define=__MSP430FR5994__ --define=_MPU_ENABLE -g --printf_support=minimal --diag_warning=225 --diag_wrap=off --display_error_number --silicon_errata=CPU21 --silicon_errata=CPU22 --silicon_errata=CPU40 -z -m"TimerA.map" --heap_size=160 --stack_size=160 --cinit_hold_wdt=on -i"D:/Embedded/ccsv7/ccs_base/msp430/include" -i"D:/Embedded/ccsv7/ccs_base/msp430/lib/5xx_6xx_FRxx" -i"D:/Embedded/ccsv7/ccs_base/msp430/lib/FR59xx" -i"D:/Embedded/ccsv7/tools/compiler/ti-cgt-msp430_16.9.3.LTS/lib" -i"D:/Embedded/ccsv7/tools/compiler/ti-cgt-msp430_16.9.3.LTS/include" --priority --reread_libs --diag_wrap=off --display_error_number --warn_sections --xml_link_info="TimerA_linkInfo.xml" --use_hw_mpy=F5 --rom_model -o "TimerA.out" "./main.obj" "../lnk_msp430fr5994.cmd"  -llibmpu_init.a -llibmath.a -llibc.a 
<Linking>
remark #10372-D: (ULP 4.1) Detected uninitialized Port 2 in this project. Recommend initializing all unused ports to eliminate wasted current consumption on unused pins.
remark #10372-D: (ULP 4.1) Detected uninitialized Port 3 in this project. Recommend initializing all unused ports to eliminate wasted current consumption on unused pins.
remark #10372-D: (ULP 4.1) Detected uninitialized Port 4 in this project. Recommend initializing all unused ports to eliminate wasted current consumption on unused pins.
remark #10372-D: (ULP 4.1) Detected uninitialized Port 5 in this project. Recommend initializing all unused ports to eliminate wasted current consumption on unused pins.
remark #10372-D: (ULP 4.1) Detected uninitialized Port 6 in this project. Recommend initializing all unused ports to eliminate wasted current consumption on unused pins.
remark #10372-D: (ULP 4.1) Detected uninitialized Port 7 in this project. Recommend initializing all unused ports to eliminate wasted current consumption on unused pins.
remark #10372-D: (ULP 4.1) Detected uninitialized Port 8 in this project. Recommend initializing all unused ports to eliminate wasted current consumption on unused pins.
remark #10372-D: (ULP 4.1) Detected uninitialized Port A in this project. Recommend initializing all unused ports to eliminate wasted current consumption on unused pins.
remark #10372-D: (ULP 4.1) Detected uninitialized Port B in this project. Recommend initializing all unused ports to eliminate wasted current consumption on unused pins.
remark #10372-D: (ULP 4.1) Detected uninitialized Port C in this project. Recommend initializing all unused ports to eliminate wasted current consumption on unused pins.
remark #10372-D: (ULP 4.1) Detected uninitialized Port D in this project. Recommend initializing all unused ports to eliminate wasted current consumption on unused pins.
remark #10436-D: (ULP 6.3) Detected use of a device with a Low Energy Accelerator (LEA) but application does not appear to use LEA. Recommend offloading vector math and signal processing to LEA for improved performance.
'Finished building target: TimerA.out'
' '

**** Build Finished ****
