
**** Build of configuration Debug for project Button Interrupt ****

"D:\\Embedded\\ccsv7\\utils\\bin\\gmake" -k -j 4 all -O 
'Building file: ../main.c'
'Invoking: MSP430 Compiler'
"D:/Embedded/ccsv7/tools/compiler/ti-cgt-msp430_16.9.3.LTS/bin/cl430" -vmspx --data_model=restricted --use_hw_mpy=F5 --include_path="D:/Embedded/ccsv7/ccs_base/msp430/include" --include_path="D:/Embedded/Labs/lab-3-interrupts-and-timers-Veronicaw1013/Button Interrupt/MSP430F5529/Button Interrupt" --include_path="D:/Embedded/ccsv7/tools/compiler/ti-cgt-msp430_16.9.3.LTS/include" --advice:power=all --define=__MSP430F5529__ -g --printf_support=minimal --diag_warning=225 --diag_wrap=off --display_error_number --silicon_errata=CPU21 --silicon_errata=CPU22 --silicon_errata=CPU23 --silicon_errata=CPU40 --preproc_with_compile --preproc_dependency="main.d"  "../main.c"
"../main.c", line 24: remark #1540-D: (ULP 11.2) Assignment of higher bits (constants) to "PAOUT_L" within a loop. Recommend using lower 4 bits to allow use of constant generators
"../main.c", line 25: remark #1540-D: (ULP 11.2) Assignment of higher bits (constants) to "PBOUT_H" within a loop. Recommend using lower 4 bits to allow use of constant generators
"../main.c", line 27: remark #1527-D: (ULP 2.1) Detected SW delay loop using __delay_cycles. Recommend using a timer module instead
'Finished building: ../main.c'
' '
'Building target: Button Interrupt.out'
'Invoking: MSP430 Linker'
"D:/Embedded/ccsv7/tools/compiler/ti-cgt-msp430_16.9.3.LTS/bin/cl430" -vmspx --data_model=restricted --use_hw_mpy=F5 --advice:power=all --define=__MSP430F5529__ -g --printf_support=minimal --diag_warning=225 --diag_wrap=off --display_error_number --silicon_errata=CPU21 --silicon_errata=CPU22 --silicon_errata=CPU23 --silicon_errata=CPU40 -z -m"Button Interrupt.map" --heap_size=160 --stack_size=160 --cinit_hold_wdt=on -i"D:/Embedded/ccsv7/ccs_base/msp430/include" -i"D:/Embedded/ccsv7/ccs_base/msp430/lib/5xx_6xx_FRxx" -i"D:/Embedded/ccsv7/tools/compiler/ti-cgt-msp430_16.9.3.LTS/lib" -i"D:/Embedded/ccsv7/tools/compiler/ti-cgt-msp430_16.9.3.LTS/include" --reread_libs --diag_wrap=off --display_error_number --warn_sections --xml_link_info="Button Interrupt_linkInfo.xml" --use_hw_mpy=F5 --rom_model -o "Button Interrupt.out" "./main.obj" "../lnk_msp430f5529.cmd"  -llibmath.a -llibc.a 
<Linking>
remark #10371-D: (ULP 1.1) Detected no uses of low power mode state changing instructions
remark #10372-D: (ULP 4.1) Detected uninitialized Port A in this project. Recommend initializing all unused ports to eliminate wasted current consumption on unused pins.
remark #10372-D: (ULP 4.1) Detected uninitialized Port B in this project. Recommend initializing all unused ports to eliminate wasted current consumption on unused pins.
remark #10372-D: (ULP 4.1) Detected uninitialized Port C in this project. Recommend initializing all unused ports to eliminate wasted current consumption on unused pins.
remark #10372-D: (ULP 4.1) Detected uninitialized Port D in this project. Recommend initializing all unused ports to eliminate wasted current consumption on unused pins.
'Finished building target: Button Interrupt.out'
' '

**** Build Finished ****
