
**** Build of configuration Debug for project ButtonInterrupt ****

"D:\\Embedded\\ccsv7\\utils\\bin\\gmake" -k -j 4 all -O 
'Building file: ../main.c'
'Invoking: MSP430 Compiler'
"D:/Embedded/ccsv7/tools/compiler/ti-cgt-msp430_16.9.3.LTS/bin/cl430" -vmspx --data_model=restricted --use_hw_mpy=F5 --include_path="D:/Embedded/ccsv7/ccs_base/msp430/include" --include_path="D:/Embedded/Labs/lab-3-interrupts-and-timers-Veronicaw1013/Button Interrupt/MSP430FR6989/ButtonInterrupt" --include_path="D:/Embedded/ccsv7/tools/compiler/ti-cgt-msp430_16.9.3.LTS/include" --advice:power=all --advice:hw_config=all --define=__MSP430FR6989__ --define=_MPU_ENABLE -g --printf_support=minimal --diag_warning=225 --diag_wrap=off --display_error_number --silicon_errata=CPU21 --silicon_errata=CPU22 --silicon_errata=CPU40 --preproc_with_compile --preproc_dependency="main.d"  "../main.c"
1 Assembly Error, No Assembly Warnings

>> Compilation failure
subdir_rules.mk:9: recipe for target 'main.obj' failed
"../main.c", line 40: remark #1540-D: (ULP 11.2) Assignment of higher bits (constants) to "PEOUT_L" within a loop. Recommend using lower 4 bits to allow use of constant generators
"../main.c", line 34: remark #1527-D: (ULP 2.1) Detected SW delay loop using __delay_cycles. Recommend using a timer module instead
"../main.c", line 42: remark #1527-D: (ULP 2.1) Detected SW delay loop using __delay_cycles. Recommend using a timer module instead
"C:\Users\veron\AppData\Local\Temp\{BDB6AA54-08A3-4B56-A2AB-50ABBAC5ED90}", ERROR!   at line 14: [E0300] Symbol __TI_int37 has already been defined
		.intvec	".int37",	Button2


Errors in Source - Assembler Aborted
gmake: *** [main.obj] Error 1
gmake: Target 'all' not remade because of errors.

**** Build Finished ****

**** Build of configuration Debug for project ButtonInterrupt ****

"D:\\Embedded\\ccsv7\\utils\\bin\\gmake" -k -j 4 all -O 
'Building file: ../main.c'
'Invoking: MSP430 Compiler'
"D:/Embedded/ccsv7/tools/compiler/ti-cgt-msp430_16.9.3.LTS/bin/cl430" -vmspx --data_model=restricted --use_hw_mpy=F5 --include_path="D:/Embedded/ccsv7/ccs_base/msp430/include" --include_path="D:/Embedded/Labs/lab-3-interrupts-and-timers-Veronicaw1013/Button Interrupt/MSP430FR6989/ButtonInterrupt" --include_path="D:/Embedded/ccsv7/tools/compiler/ti-cgt-msp430_16.9.3.LTS/include" --advice:power=all --advice:hw_config=all --define=__MSP430FR6989__ --define=_MPU_ENABLE -g --printf_support=minimal --diag_warning=225 --diag_wrap=off --display_error_number --silicon_errata=CPU21 --silicon_errata=CPU22 --silicon_errata=CPU40 --preproc_with_compile --preproc_dependency="main.d"  "../main.c"

>> Compilation failure
subdir_rules.mk:9: recipe for target 'main.obj' failed
"../main.c", line 40: remark #1540-D: (ULP 11.2) Assignment of higher bits (constants) to "PEOUT_L" within a loop. Recommend using lower 4 bits to allow use of constant generators
"../main.c", line 34: remark #1527-D: (ULP 2.1) Detected SW delay loop using __delay_cycles. Recommend using a timer module instead
"../main.c", line 42: remark #1527-D: (ULP 2.1) Detected SW delay loop using __delay_cycles. Recommend using a timer module instead
"../main.c", line 58: error #41: expected an identifier
1 error detected in the compilation of "../main.c".
gmake: *** [main.obj] Error 1
gmake: Target 'all' not remade because of errors.

**** Build Finished ****

**** Build of configuration Debug for project ButtonInterrupt ****

"D:\\Embedded\\ccsv7\\utils\\bin\\gmake" -k -j 4 all -O 

**** Build of configuration Debug for project ButtonInterrupt ****

"D:\\Embedded\\ccsv7\\utils\\bin\\gmake" -k -j 4 all -O 
'Building file: ../main.c'
'Invoking: MSP430 Compiler'
"D:/Embedded/ccsv7/tools/compiler/ti-cgt-msp430_16.9.3.LTS/bin/cl430" -vmspx --data_model=restricted --use_hw_mpy=F5 --include_path="D:/Embedded/ccsv7/ccs_base/msp430/include" --include_path="D:/Embedded/Labs/lab-3-interrupts-and-timers-Veronicaw1013/Button Interrupt/MSP430FR6989/ButtonInterrupt" --include_path="D:/Embedded/ccsv7/tools/compiler/ti-cgt-msp430_16.9.3.LTS/include" --advice:power=all --advice:hw_config=all --define=__MSP430FR6989__ --define=_MPU_ENABLE -g --printf_support=minimal --diag_warning=225 --diag_wrap=off --display_error_number --silicon_errata=CPU21 --silicon_errata=CPU22 --silicon_errata=CPU40 --preproc_with_compile --preproc_dependency="main.d"  "../main.c"
"../main.c", line 40: remark #1540-D: (ULP 11.2) Assignment of higher bits (constants) to "PEOUT_L" within a loop. Recommend using lower 4 bits to allow use of constant generators
"../main.c", line 34: remark #1527-D: (ULP 2.1) Detected SW delay loop using __delay_cycles. Recommend using a timer module instead
"../main.c", line 42: remark #1527-D: (ULP 2.1) Detected SW delay loop using __delay_cycles. Recommend using a timer module instead
'Finished building: ../main.c'
' '
'Building target: ButtonInterrupt.out'
'Invoking: MSP430 Linker'
"D:/Embedded/ccsv7/tools/compiler/ti-cgt-msp430_16.9.3.LTS/bin/cl430" -vmspx --data_model=restricted --use_hw_mpy=F5 --advice:power=all --advice:hw_config=all --define=__MSP430FR6989__ --define=_MPU_ENABLE -g --printf_support=minimal --diag_warning=225 --diag_wrap=off --display_error_number --silicon_errata=CPU21 --silicon_errata=CPU22 --silicon_errata=CPU40 -z -m"ButtonInterrupt.map" --heap_size=160 --stack_size=160 --cinit_hold_wdt=on -i"D:/Embedded/ccsv7/ccs_base/msp430/include" -i"D:/Embedded/ccsv7/ccs_base/msp430/lib/5xx_6xx_FRxx" -i"D:/Embedded/ccsv7/ccs_base/msp430/lib/FR59xx" -i"D:/Embedded/ccsv7/tools/compiler/ti-cgt-msp430_16.9.3.LTS/lib" -i"D:/Embedded/ccsv7/tools/compiler/ti-cgt-msp430_16.9.3.LTS/include" --priority --reread_libs --define=_MPU_ENABLE --diag_wrap=off --display_error_number --warn_sections --xml_link_info="ButtonInterrupt_linkInfo.xml" --use_hw_mpy=F5 --rom_model -o "ButtonInterrupt.out" "./main.obj" "../lnk_msp430fr6989.cmd"  -llibmpu_init.a -llibmath.a -llibc.a 
<Linking>
remark #10371-D: (ULP 1.1) Detected no uses of low power mode state changing instructions
remark #10372-D: (ULP 4.1) Detected uninitialized Port A in this project. Recommend initializing all unused ports to eliminate wasted current consumption on unused pins.
remark #10372-D: (ULP 4.1) Detected uninitialized Port B in this project. Recommend initializing all unused ports to eliminate wasted current consumption on unused pins.
remark #10372-D: (ULP 4.1) Detected uninitialized Port C in this project. Recommend initializing all unused ports to eliminate wasted current consumption on unused pins.
remark #10372-D: (ULP 4.1) Detected uninitialized Port D in this project. Recommend initializing all unused ports to eliminate wasted current consumption on unused pins.
remark #10372-D: (ULP 4.1) Detected uninitialized Port E in this project. Recommend initializing all unused ports to eliminate wasted current consumption on unused pins.
'Finished building target: ButtonInterrupt.out'
' '

**** Build Finished ****

**** Build of configuration Debug for project ButtonInterrupt ****

"D:\\Embedded\\ccsv7\\utils\\bin\\gmake" -k -j 4 all -O 
'Building file: ../main.c'
'Invoking: MSP430 Compiler'
"D:/Embedded/ccsv7/tools/compiler/ti-cgt-msp430_16.9.3.LTS/bin/cl430" -vmspx --data_model=restricted --use_hw_mpy=F5 --include_path="D:/Embedded/ccsv7/ccs_base/msp430/include" --include_path="D:/Embedded/Labs/lab-3-interrupts-and-timers-Veronicaw1013/Button Interrupt/MSP430FR6989/ButtonInterrupt" --include_path="D:/Embedded/ccsv7/tools/compiler/ti-cgt-msp430_16.9.3.LTS/include" --advice:power=all --advice:hw_config=all --define=__MSP430FR6989__ --define=_MPU_ENABLE -g --printf_support=minimal --diag_warning=225 --diag_wrap=off --display_error_number --silicon_errata=CPU21 --silicon_errata=CPU22 --silicon_errata=CPU40 --preproc_with_compile --preproc_dependency="main.d"  "../main.c"

>> Compilation failure
subdir_rules.mk:9: recipe for target 'main.obj' failed
"../main.c", line 40: remark #1540-D: (ULP 11.2) Assignment of higher bits (constants) to "PEOUT_L" within a loop. Recommend using lower 4 bits to allow use of constant generators
"../main.c", line 34: remark #1527-D: (ULP 2.1) Detected SW delay loop using __delay_cycles. Recommend using a timer module instead
"../main.c", line 42: remark #1527-D: (ULP 2.1) Detected SW delay loop using __delay_cycles. Recommend using a timer module instead
"../main.c", line 50: error #29: expected an expression
"../main.c", line 65: warning #12-D: parsing restarts here after previous syntax error
"../main.c", line 65: error #66: expected a ";"
"../main.c", line 9: remark #1535-D: (ULP 8.1) variable "blink" is used as a constant. Recommend declaring variable as either 'static const' or 'const'
"../main.c", line 10: remark #1535-D: (ULP 8.1) variable "blink2" is used as a constant. Recommend declaring variable as either 'static const' or 'const'
2 errors detected in the compilation of "../main.c".
gmake: *** [main.obj] Error 1
gmake: Target 'all' not remade because of errors.

**** Build Finished ****

**** Build of configuration Debug for project ButtonInterrupt ****

"D:\\Embedded\\ccsv7\\utils\\bin\\gmake" -k -j 4 all -O 
'Building file: ../main.c'
'Invoking: MSP430 Compiler'
"D:/Embedded/ccsv7/tools/compiler/ti-cgt-msp430_16.9.3.LTS/bin/cl430" -vmspx --data_model=restricted --use_hw_mpy=F5 --include_path="D:/Embedded/ccsv7/ccs_base/msp430/include" --include_path="D:/Embedded/Labs/lab-3-interrupts-and-timers-Veronicaw1013/Button Interrupt/MSP430FR6989/ButtonInterrupt" --include_path="D:/Embedded/ccsv7/tools/compiler/ti-cgt-msp430_16.9.3.LTS/include" --advice:power=all --advice:hw_config=all --define=__MSP430FR6989__ --define=_MPU_ENABLE -g --printf_support=minimal --diag_warning=225 --diag_wrap=off --display_error_number --silicon_errata=CPU21 --silicon_errata=CPU22 --silicon_errata=CPU40 --preproc_with_compile --preproc_dependency="main.d"  "../main.c"
"../main.c", line 40: remark #1540-D: (ULP 11.2) Assignment of higher bits (constants) to "PEOUT_L" within a loop. Recommend using lower 4 bits to allow use of constant generators
"../main.c", line 34: remark #1527-D: (ULP 2.1) Detected SW delay loop using __delay_cycles. Recommend using a timer module instead
"../main.c", line 42: remark #1527-D: (ULP 2.1) Detected SW delay loop using __delay_cycles. Recommend using a timer module instead
'Finished building: ../main.c'
' '
'Building target: ButtonInterrupt.out'
'Invoking: MSP430 Linker'
"D:/Embedded/ccsv7/tools/compiler/ti-cgt-msp430_16.9.3.LTS/bin/cl430" -vmspx --data_model=restricted --use_hw_mpy=F5 --advice:power=all --advice:hw_config=all --define=__MSP430FR6989__ --define=_MPU_ENABLE -g --printf_support=minimal --diag_warning=225 --diag_wrap=off --display_error_number --silicon_errata=CPU21 --silicon_errata=CPU22 --silicon_errata=CPU40 -z -m"ButtonInterrupt.map" --heap_size=160 --stack_size=160 --cinit_hold_wdt=on -i"D:/Embedded/ccsv7/ccs_base/msp430/include" -i"D:/Embedded/ccsv7/ccs_base/msp430/lib/5xx_6xx_FRxx" -i"D:/Embedded/ccsv7/ccs_base/msp430/lib/FR59xx" -i"D:/Embedded/ccsv7/tools/compiler/ti-cgt-msp430_16.9.3.LTS/lib" -i"D:/Embedded/ccsv7/tools/compiler/ti-cgt-msp430_16.9.3.LTS/include" --priority --reread_libs --define=_MPU_ENABLE --diag_wrap=off --display_error_number --warn_sections --xml_link_info="ButtonInterrupt_linkInfo.xml" --use_hw_mpy=F5 --rom_model -o "ButtonInterrupt.out" "./main.obj" "../lnk_msp430fr6989.cmd"  -llibmpu_init.a -llibmath.a -llibc.a 
<Linking>
remark #10371-D: (ULP 1.1) Detected no uses of low power mode state changing instructions
remark #10372-D: (ULP 4.1) Detected uninitialized Port A in this project. Recommend initializing all unused ports to eliminate wasted current consumption on unused pins.
remark #10372-D: (ULP 4.1) Detected uninitialized Port B in this project. Recommend initializing all unused ports to eliminate wasted current consumption on unused pins.
remark #10372-D: (ULP 4.1) Detected uninitialized Port C in this project. Recommend initializing all unused ports to eliminate wasted current consumption on unused pins.
remark #10372-D: (ULP 4.1) Detected uninitialized Port D in this project. Recommend initializing all unused ports to eliminate wasted current consumption on unused pins.
remark #10372-D: (ULP 4.1) Detected uninitialized Port E in this project. Recommend initializing all unused ports to eliminate wasted current consumption on unused pins.
'Finished building target: ButtonInterrupt.out'
' '

**** Build Finished ****

**** Build of configuration Debug for project ButtonInterrupt ****

"D:\\Embedded\\ccsv7\\utils\\bin\\gmake" -k -j 4 all -O 
'Building file: ../main.c'
'Invoking: MSP430 Compiler'
"D:/Embedded/ccsv7/tools/compiler/ti-cgt-msp430_16.9.3.LTS/bin/cl430" -vmspx --data_model=restricted --use_hw_mpy=F5 --include_path="D:/Embedded/ccsv7/ccs_base/msp430/include" --include_path="D:/Embedded/Labs/lab-3-interrupts-and-timers-Veronicaw1013/Button Interrupt/MSP430FR6989/ButtonInterrupt" --include_path="D:/Embedded/ccsv7/tools/compiler/ti-cgt-msp430_16.9.3.LTS/include" --advice:power=all --advice:hw_config=all --define=__MSP430FR6989__ --define=_MPU_ENABLE -g --printf_support=minimal --diag_warning=225 --diag_wrap=off --display_error_number --silicon_errata=CPU21 --silicon_errata=CPU22 --silicon_errata=CPU40 --preproc_with_compile --preproc_dependency="main.d"  "../main.c"
"../main.c", line 40: remark #1540-D: (ULP 11.2) Assignment of higher bits (constants) to "PEOUT_L" within a loop. Recommend using lower 4 bits to allow use of constant generators
"../main.c", line 34: remark #1527-D: (ULP 2.1) Detected SW delay loop using __delay_cycles. Recommend using a timer module instead
"../main.c", line 42: remark #1527-D: (ULP 2.1) Detected SW delay loop using __delay_cycles. Recommend using a timer module instead
'Finished building: ../main.c'
' '
'Building target: ButtonInterrupt.out'
'Invoking: MSP430 Linker'
"D:/Embedded/ccsv7/tools/compiler/ti-cgt-msp430_16.9.3.LTS/bin/cl430" -vmspx --data_model=restricted --use_hw_mpy=F5 --advice:power=all --advice:hw_config=all --define=__MSP430FR6989__ --define=_MPU_ENABLE -g --printf_support=minimal --diag_warning=225 --diag_wrap=off --display_error_number --silicon_errata=CPU21 --silicon_errata=CPU22 --silicon_errata=CPU40 -z -m"ButtonInterrupt.map" --heap_size=160 --stack_size=160 --cinit_hold_wdt=on -i"D:/Embedded/ccsv7/ccs_base/msp430/include" -i"D:/Embedded/ccsv7/ccs_base/msp430/lib/5xx_6xx_FRxx" -i"D:/Embedded/ccsv7/ccs_base/msp430/lib/FR59xx" -i"D:/Embedded/ccsv7/tools/compiler/ti-cgt-msp430_16.9.3.LTS/lib" -i"D:/Embedded/ccsv7/tools/compiler/ti-cgt-msp430_16.9.3.LTS/include" --priority --reread_libs --define=_MPU_ENABLE --diag_wrap=off --display_error_number --warn_sections --xml_link_info="ButtonInterrupt_linkInfo.xml" --use_hw_mpy=F5 --rom_model -o "ButtonInterrupt.out" "./main.obj" "../lnk_msp430fr6989.cmd"  -llibmpu_init.a -llibmath.a -llibc.a 
<Linking>
remark #10371-D: (ULP 1.1) Detected no uses of low power mode state changing instructions
remark #10372-D: (ULP 4.1) Detected uninitialized Port A in this project. Recommend initializing all unused ports to eliminate wasted current consumption on unused pins.
remark #10372-D: (ULP 4.1) Detected uninitialized Port B in this project. Recommend initializing all unused ports to eliminate wasted current consumption on unused pins.
remark #10372-D: (ULP 4.1) Detected uninitialized Port C in this project. Recommend initializing all unused ports to eliminate wasted current consumption on unused pins.
remark #10372-D: (ULP 4.1) Detected uninitialized Port D in this project. Recommend initializing all unused ports to eliminate wasted current consumption on unused pins.
remark #10372-D: (ULP 4.1) Detected uninitialized Port E in this project. Recommend initializing all unused ports to eliminate wasted current consumption on unused pins.
'Finished building target: ButtonInterrupt.out'
' '

**** Build Finished ****

**** Build of configuration Debug for project ButtonInterrupt ****

"D:\\Embedded\\ccsv7\\utils\\bin\\gmake" -k -j 4 all -O 
'Building file: ../main.c'
'Invoking: MSP430 Compiler'
"D:/Embedded/ccsv7/tools/compiler/ti-cgt-msp430_16.9.3.LTS/bin/cl430" -vmspx --data_model=restricted --use_hw_mpy=F5 --include_path="D:/Embedded/ccsv7/ccs_base/msp430/include" --include_path="D:/Embedded/Labs/lab-3-interrupts-and-timers-Veronicaw1013/Button Interrupt/MSP430FR6989/ButtonInterrupt" --include_path="D:/Embedded/ccsv7/tools/compiler/ti-cgt-msp430_16.9.3.LTS/include" --advice:power=all --advice:hw_config=all --define=__MSP430FR6989__ --define=_MPU_ENABLE -g --printf_support=minimal --diag_warning=225 --diag_wrap=off --display_error_number --silicon_errata=CPU21 --silicon_errata=CPU22 --silicon_errata=CPU40 --preproc_with_compile --preproc_dependency="main.d"  "../main.c"
"../main.c", line 40: remark #1540-D: (ULP 11.2) Assignment of higher bits (constants) to "PEOUT_L" within a loop. Recommend using lower 4 bits to allow use of constant generators
"../main.c", line 34: remark #1527-D: (ULP 2.1) Detected SW delay loop using __delay_cycles. Recommend using a timer module instead
"../main.c", line 42: remark #1527-D: (ULP 2.1) Detected SW delay loop using __delay_cycles. Recommend using a timer module instead
'Finished building: ../main.c'
' '
'Building target: ButtonInterrupt.out'
'Invoking: MSP430 Linker'
"D:/Embedded/ccsv7/tools/compiler/ti-cgt-msp430_16.9.3.LTS/bin/cl430" -vmspx --data_model=restricted --use_hw_mpy=F5 --advice:power=all --advice:hw_config=all --define=__MSP430FR6989__ --define=_MPU_ENABLE -g --printf_support=minimal --diag_warning=225 --diag_wrap=off --display_error_number --silicon_errata=CPU21 --silicon_errata=CPU22 --silicon_errata=CPU40 -z -m"ButtonInterrupt.map" --heap_size=160 --stack_size=160 --cinit_hold_wdt=on -i"D:/Embedded/ccsv7/ccs_base/msp430/include" -i"D:/Embedded/ccsv7/ccs_base/msp430/lib/5xx_6xx_FRxx" -i"D:/Embedded/ccsv7/ccs_base/msp430/lib/FR59xx" -i"D:/Embedded/ccsv7/tools/compiler/ti-cgt-msp430_16.9.3.LTS/lib" -i"D:/Embedded/ccsv7/tools/compiler/ti-cgt-msp430_16.9.3.LTS/include" --priority --reread_libs --define=_MPU_ENABLE --diag_wrap=off --display_error_number --warn_sections --xml_link_info="ButtonInterrupt_linkInfo.xml" --use_hw_mpy=F5 --rom_model -o "ButtonInterrupt.out" "./main.obj" "../lnk_msp430fr6989.cmd"  -llibmpu_init.a -llibmath.a -llibc.a 
<Linking>
remark #10371-D: (ULP 1.1) Detected no uses of low power mode state changing instructions
remark #10372-D: (ULP 4.1) Detected uninitialized Port A in this project. Recommend initializing all unused ports to eliminate wasted current consumption on unused pins.
remark #10372-D: (ULP 4.1) Detected uninitialized Port B in this project. Recommend initializing all unused ports to eliminate wasted current consumption on unused pins.
remark #10372-D: (ULP 4.1) Detected uninitialized Port C in this project. Recommend initializing all unused ports to eliminate wasted current consumption on unused pins.
remark #10372-D: (ULP 4.1) Detected uninitialized Port D in this project. Recommend initializing all unused ports to eliminate wasted current consumption on unused pins.
remark #10372-D: (ULP 4.1) Detected uninitialized Port E in this project. Recommend initializing all unused ports to eliminate wasted current consumption on unused pins.
'Finished building target: ButtonInterrupt.out'
' '

**** Build Finished ****

**** Build of configuration Debug for project ButtonInterrupt ****

"D:\\Embedded\\ccsv7\\utils\\bin\\gmake" -k -j 4 all -O 
'Building file: ../main.c'
'Invoking: MSP430 Compiler'
"D:/Embedded/ccsv7/tools/compiler/ti-cgt-msp430_16.9.3.LTS/bin/cl430" -vmspx --data_model=restricted --use_hw_mpy=F5 --include_path="D:/Embedded/ccsv7/ccs_base/msp430/include" --include_path="D:/Embedded/Labs/lab-3-interrupts-and-timers-Veronicaw1013/Button Interrupt/MSP430FR6989/ButtonInterrupt" --include_path="D:/Embedded/ccsv7/tools/compiler/ti-cgt-msp430_16.9.3.LTS/include" --advice:power=all --advice:hw_config=all --define=__MSP430FR6989__ --define=_MPU_ENABLE -g --printf_support=minimal --diag_warning=225 --diag_wrap=off --display_error_number --silicon_errata=CPU21 --silicon_errata=CPU22 --silicon_errata=CPU40 --preproc_with_compile --preproc_dependency="main.d"  "../main.c"
"../main.c", line 40: remark #1540-D: (ULP 11.2) Assignment of higher bits (constants) to "PEOUT_L" within a loop. Recommend using lower 4 bits to allow use of constant generators
"../main.c", line 34: remark #1527-D: (ULP 2.1) Detected SW delay loop using __delay_cycles. Recommend using a timer module instead
"../main.c", line 42: remark #1527-D: (ULP 2.1) Detected SW delay loop using __delay_cycles. Recommend using a timer module instead
'Finished building: ../main.c'
' '
'Building target: ButtonInterrupt.out'
'Invoking: MSP430 Linker'
"D:/Embedded/ccsv7/tools/compiler/ti-cgt-msp430_16.9.3.LTS/bin/cl430" -vmspx --data_model=restricted --use_hw_mpy=F5 --advice:power=all --advice:hw_config=all --define=__MSP430FR6989__ --define=_MPU_ENABLE -g --printf_support=minimal --diag_warning=225 --diag_wrap=off --display_error_number --silicon_errata=CPU21 --silicon_errata=CPU22 --silicon_errata=CPU40 -z -m"ButtonInterrupt.map" --heap_size=160 --stack_size=160 --cinit_hold_wdt=on -i"D:/Embedded/ccsv7/ccs_base/msp430/include" -i"D:/Embedded/ccsv7/ccs_base/msp430/lib/5xx_6xx_FRxx" -i"D:/Embedded/ccsv7/ccs_base/msp430/lib/FR59xx" -i"D:/Embedded/ccsv7/tools/compiler/ti-cgt-msp430_16.9.3.LTS/lib" -i"D:/Embedded/ccsv7/tools/compiler/ti-cgt-msp430_16.9.3.LTS/include" --priority --reread_libs --define=_MPU_ENABLE --diag_wrap=off --display_error_number --warn_sections --xml_link_info="ButtonInterrupt_linkInfo.xml" --use_hw_mpy=F5 --rom_model -o "ButtonInterrupt.out" "./main.obj" "../lnk_msp430fr6989.cmd"  -llibmpu_init.a -llibmath.a -llibc.a 
<Linking>
remark #10371-D: (ULP 1.1) Detected no uses of low power mode state changing instructions
remark #10372-D: (ULP 4.1) Detected uninitialized Port A in this project. Recommend initializing all unused ports to eliminate wasted current consumption on unused pins.
remark #10372-D: (ULP 4.1) Detected uninitialized Port B in this project. Recommend initializing all unused ports to eliminate wasted current consumption on unused pins.
remark #10372-D: (ULP 4.1) Detected uninitialized Port C in this project. Recommend initializing all unused ports to eliminate wasted current consumption on unused pins.
remark #10372-D: (ULP 4.1) Detected uninitialized Port D in this project. Recommend initializing all unused ports to eliminate wasted current consumption on unused pins.
remark #10372-D: (ULP 4.1) Detected uninitialized Port E in this project. Recommend initializing all unused ports to eliminate wasted current consumption on unused pins.
'Finished building target: ButtonInterrupt.out'
' '

**** Build Finished ****
